[2022-01-05T10:30:34.200Z][QUERY]: CREATE EXTENSION IF NOT EXISTS "uuid-ossp"
[2022-01-05T10:30:34.204Z][QUERY]: SELECT * FROM current_schema()
[2022-01-05T10:30:34.205Z][QUERY]: SELECT * FROM "information_schema"."tables" WHERE "table_schema" = 'public' AND "table_name" = 'migrations'
[2022-01-05T10:30:34.208Z][QUERY]: CREATE TABLE "migrations" ("id" SERIAL NOT NULL, "timestamp" bigint NOT NULL, "name" character varying NOT NULL, CONSTRAINT "PK_8c82d7f526340ab734260ea46be" PRIMARY KEY ("id"))
[2022-01-05T10:30:34.218Z][QUERY]: SELECT * FROM "migrations" "migrations" ORDER BY "id" DESC
[2022-01-05T10:30:34.219Z]0 migrations are already loaded in the database.
[2022-01-05T10:30:34.219Z]1 migrations were found in the source code.
[2022-01-05T10:30:34.219Z]1 migrations are new migrations that needs to be executed.
[2022-01-05T10:30:34.219Z][QUERY]: START TRANSACTION
[2022-01-05T10:30:34.219Z][QUERY]: CREATE TABLE "address" ("id" uuid NOT NULL DEFAULT uuid_generate_v4(), "isActive" boolean NOT NULL DEFAULT true, "isArchived" boolean NOT NULL DEFAULT false, "createDateTime" TIMESTAMP WITH TIME ZONE NOT NULL DEFAULT now(), "lastChangedDateTime" TIMESTAMP WITH TIME ZONE NOT NULL DEFAULT now(), "lastChangedBy" character varying(300), "internalComment" character varying(300), "version" integer NOT NULL, "street" character varying(100) NOT NULL, "addressline1" character varying(100) NOT NULL, "city" character varying(20) NOT NULL, "state" character varying(20) NOT NULL, "country" character varying(20) NOT NULL, "zip" character varying(20) NOT NULL, CONSTRAINT "PK_d92de1f82754668b5f5f5dd4fd5" PRIMARY KEY ("id"))
[2022-01-05T10:30:34.222Z][QUERY]: CREATE TABLE "userwallet" ("id" uuid NOT NULL DEFAULT uuid_generate_v4(), "isActive" boolean NOT NULL DEFAULT true, "isArchived" boolean NOT NULL DEFAULT false, "createDateTime" TIMESTAMP WITH TIME ZONE NOT NULL DEFAULT now(), "lastChangedDateTime" TIMESTAMP WITH TIME ZONE NOT NULL DEFAULT now(), "lastChangedBy" character varying(300), "internalComment" character varying(300), "version" integer NOT NULL, "walletUpperLimit" double precision, "walletLowerLimit" double precision, "walletCurrentAmount" double precision, CONSTRAINT "PK_48edcc6e7e3c9dc89c095b4babf" PRIMARY KEY ("id"))
[2022-01-05T10:30:34.225Z][QUERY]: CREATE TYPE "users_gender_enum" AS ENUM('male', 'female', 'others')
[2022-01-05T10:30:34.225Z][QUERY]: CREATE TABLE "users" ("id" uuid NOT NULL DEFAULT uuid_generate_v4(), "isActive" boolean NOT NULL DEFAULT true, "isArchived" boolean NOT NULL DEFAULT false, "createDateTime" TIMESTAMP WITH TIME ZONE NOT NULL DEFAULT now(), "lastChangedDateTime" TIMESTAMP WITH TIME ZONE NOT NULL DEFAULT now(), "lastChangedBy" character varying(300), "internalComment" character varying(300), "version" integer NOT NULL, "createdBy" character varying(300) NOT NULL, "firstName" character varying(20) NOT NULL, "lastName" character varying(20) NOT NULL, "gender" "users_gender_enum" NOT NULL, "email" character varying(30) NOT NULL, "phone" character varying NOT NULL, "password" character varying NOT NULL, "age" integer NOT NULL, "pin" integer, "refreshtoken" text, "refreshtokenexpires" TIMESTAMP WITH TIME ZONE, "commission" double precision, "addressId" uuid, "accountTypeId" uuid, "userWalletId" uuid, CONSTRAINT "UQ_97672ac88f789774dd47f7c8be3" UNIQUE ("email"), CONSTRAINT "REL_bafb08f60d7857f4670c172a6e" UNIQUE ("addressId"), CONSTRAINT "REL_d29c53ee6224c8cabb62f9d1cb" UNIQUE ("userWalletId"), CONSTRAINT "CHK_ad31d98b65dbe512313af3c8d6" CHECK ("age" > 18), CONSTRAINT "PK_a3ffb1c0c8416b9fc6f907b7433" PRIMARY KEY ("id"))
[2022-01-05T10:30:34.231Z][QUERY]: CREATE UNIQUE INDEX "IDX_97672ac88f789774dd47f7c8be" ON "users" ("email") 
[2022-01-05T10:30:34.232Z][QUERY]: CREATE TYPE "accounttype_accounttype_enum" AS ENUM('admin', 'master', 'agent', 'customer')
[2022-01-05T10:30:34.232Z][QUERY]: CREATE TABLE "accounttype" ("id" uuid NOT NULL DEFAULT uuid_generate_v4(), "isActive" boolean NOT NULL DEFAULT true, "isArchived" boolean NOT NULL DEFAULT false, "createDateTime" TIMESTAMP WITH TIME ZONE NOT NULL DEFAULT now(), "lastChangedDateTime" TIMESTAMP WITH TIME ZONE NOT NULL DEFAULT now(), "lastChangedBy" character varying(300), "internalComment" character varying(300), "version" integer NOT NULL, "accountType" "accounttype_accounttype_enum" NOT NULL DEFAULT 'customer', "description" character varying(300) NOT NULL, CONSTRAINT "UQ_6a39a154930cfec4d255ce3f6a1" UNIQUE ("accountType"), CONSTRAINT "PK_55634f609c700a64201b82ae897" PRIMARY KEY ("id"))
[2022-01-05T10:30:34.235Z][QUERY]: ALTER TABLE "users" ADD CONSTRAINT "FK_bafb08f60d7857f4670c172a6ea" FOREIGN KEY ("addressId") REFERENCES "address"("id") ON DELETE NO ACTION ON UPDATE NO ACTION
[2022-01-05T10:30:34.236Z][QUERY]: ALTER TABLE "users" ADD CONSTRAINT "FK_5e1a29e5ed3f2c167f87f2993ac" FOREIGN KEY ("accountTypeId") REFERENCES "accounttype"("id") ON DELETE NO ACTION ON UPDATE NO ACTION
[2022-01-05T10:30:34.237Z][QUERY]: ALTER TABLE "users" ADD CONSTRAINT "FK_d29c53ee6224c8cabb62f9d1cb8" FOREIGN KEY ("userWalletId") REFERENCES "userwallet"("id") ON DELETE NO ACTION ON UPDATE NO ACTION
[2022-01-05T10:30:34.238Z][QUERY]: CREATE TABLE "query-result-cache" ("id" SERIAL NOT NULL, "identifier" character varying, "time" bigint NOT NULL, "duration" integer NOT NULL, "query" text NOT NULL, "result" text NOT NULL, CONSTRAINT "PK_6a98f758d8bfd010e7e10ffd3d3" PRIMARY KEY ("id"))
[2022-01-05T10:30:34.242Z][QUERY]: INSERT INTO "migrations"("timestamp", "name") VALUES ($1, $2) -- PARAMETERS: [1641378596367,"myinit1641378596367"]
[2022-01-05T10:30:34.243Z]Migration myinit1641378596367 has been executed successfully.
[2022-01-05T10:30:34.243Z][QUERY]: COMMIT
[2022-01-05T10:35:56.974Z][FAILED QUERY]: INSERT INTO "accounttype"("id", "isActive", "isArchived", "createDateTime", "lastChangedDateTime", "lastChangedBy", "internalComment", "version", "accountType", "description") VALUES (DEFAULT, DEFAULT, DEFAULT, DEFAULT, DEFAULT, DEFAULT, DEFAULT, 1, $1, $2) RETURNING "id", "isActive", "isArchived", "createDateTime", "lastChangedDateTime", "version", "accountType" -- PARAMETERS: ["developer","Developer of the application"]
[2022-01-05T10:35:56.974Z][QUERY ERROR]: error: invalid input value for enum accounttype_accounttype_enum: "developer"
[2022-01-05T10:52:55.814Z][QUERY]: CREATE EXTENSION IF NOT EXISTS "uuid-ossp"
[2022-01-05T10:52:55.819Z][QUERY]: SELECT * FROM current_schema()
[2022-01-05T10:52:55.820Z][QUERY]: SELECT * FROM "information_schema"."tables" WHERE "table_schema" = 'public' AND "table_name" = 'migrations'
[2022-01-05T10:52:55.823Z][QUERY]: CREATE TABLE "migrations" ("id" SERIAL NOT NULL, "timestamp" bigint NOT NULL, "name" character varying NOT NULL, CONSTRAINT "PK_8c82d7f526340ab734260ea46be" PRIMARY KEY ("id"))
[2022-01-05T10:52:55.828Z][QUERY]: SELECT * FROM "migrations" "migrations" ORDER BY "id" DESC
[2022-01-05T10:52:55.829Z]No migrations are pending
[2022-01-05T10:53:16.283Z][QUERY]: CREATE EXTENSION IF NOT EXISTS "uuid-ossp"
[2022-01-05T10:53:16.285Z][QUERY]: SELECT * FROM current_schema()
[2022-01-05T10:53:16.286Z][QUERY]: SELECT * FROM "information_schema"."tables" WHERE "table_schema" = 'public' AND "table_name" = 'migrations'
[2022-01-05T10:53:16.289Z][QUERY]: SELECT * FROM "migrations" "migrations" ORDER BY "id" DESC
[2022-01-05T10:53:16.290Z]No migrations are pending
[2022-01-05T11:09:54.288Z][QUERY]: CREATE EXTENSION IF NOT EXISTS "uuid-ossp"
[2022-01-05T11:09:54.291Z][QUERY]: SELECT * FROM current_schema()
[2022-01-05T11:09:54.292Z][QUERY]: SELECT * FROM "information_schema"."tables" WHERE "table_schema" = 'public' AND "table_name" = 'migrations'
[2022-01-05T11:09:54.295Z][QUERY]: SELECT * FROM "migrations" "migrations" ORDER BY "id" DESC
[2022-01-05T11:09:54.295Z]No migrations are pending
[2022-01-05T11:26:56.644Z][QUERY]: CREATE EXTENSION IF NOT EXISTS "uuid-ossp"
[2022-01-05T11:26:56.647Z][QUERY]: SELECT * FROM current_schema()
[2022-01-05T11:26:56.648Z][QUERY]: SELECT * FROM "information_schema"."tables" WHERE "table_schema" = 'public' AND "table_name" = 'migrations'
[2022-01-05T11:26:56.651Z][QUERY]: CREATE TABLE "migrations" ("id" SERIAL NOT NULL, "timestamp" bigint NOT NULL, "name" character varying NOT NULL, CONSTRAINT "PK_8c82d7f526340ab734260ea46be" PRIMARY KEY ("id"))
[2022-01-05T11:26:56.662Z][QUERY]: SELECT * FROM "migrations" "migrations" ORDER BY "id" DESC
[2022-01-05T11:26:56.663Z]0 migrations are already loaded in the database.
[2022-01-05T11:26:56.663Z]1 migrations were found in the source code.
[2022-01-05T11:26:56.663Z]1 migrations are new migrations that needs to be executed.
[2022-01-05T11:26:56.664Z][QUERY]: START TRANSACTION
[2022-01-05T11:26:56.664Z][QUERY]: CREATE TABLE "address" ("id" uuid NOT NULL DEFAULT uuid_generate_v4(), "isActive" boolean NOT NULL DEFAULT true, "isArchived" boolean NOT NULL DEFAULT false, "createDateTime" TIMESTAMP WITH TIME ZONE NOT NULL DEFAULT now(), "lastChangedDateTime" TIMESTAMP WITH TIME ZONE NOT NULL DEFAULT now(), "lastChangedBy" character varying(300), "internalComment" character varying(300), "version" integer NOT NULL, "street" character varying(100) NOT NULL, "addressline1" character varying(100) NOT NULL, "city" character varying(20) NOT NULL, "state" character varying(20) NOT NULL, "country" character varying(20) NOT NULL, "zip" character varying(20) NOT NULL, CONSTRAINT "PK_d92de1f82754668b5f5f5dd4fd5" PRIMARY KEY ("id"))
[2022-01-05T11:26:56.668Z][QUERY]: CREATE TABLE "userwallet" ("id" uuid NOT NULL DEFAULT uuid_generate_v4(), "isActive" boolean NOT NULL DEFAULT true, "isArchived" boolean NOT NULL DEFAULT false, "createDateTime" TIMESTAMP WITH TIME ZONE NOT NULL DEFAULT now(), "lastChangedDateTime" TIMESTAMP WITH TIME ZONE NOT NULL DEFAULT now(), "lastChangedBy" character varying(300), "internalComment" character varying(300), "version" integer NOT NULL, "walletUpperLimit" double precision, "walletLowerLimit" double precision, "walletCurrentAmount" double precision, CONSTRAINT "PK_48edcc6e7e3c9dc89c095b4babf" PRIMARY KEY ("id"))
[2022-01-05T11:26:56.671Z][QUERY]: CREATE TYPE "users_gender_enum" AS ENUM('male', 'female', 'others')
[2022-01-05T11:26:56.672Z][QUERY]: CREATE TABLE "users" ("id" uuid NOT NULL DEFAULT uuid_generate_v4(), "isActive" boolean NOT NULL DEFAULT true, "isArchived" boolean NOT NULL DEFAULT false, "createDateTime" TIMESTAMP WITH TIME ZONE NOT NULL DEFAULT now(), "lastChangedDateTime" TIMESTAMP WITH TIME ZONE NOT NULL DEFAULT now(), "lastChangedBy" character varying(300), "internalComment" character varying(300), "version" integer NOT NULL, "createdBy" character varying(300) NOT NULL, "firstName" character varying(20) NOT NULL, "lastName" character varying(20) NOT NULL, "gender" "users_gender_enum" NOT NULL, "email" character varying(30) NOT NULL, "phone" character varying NOT NULL, "password" character varying NOT NULL, "age" integer NOT NULL, "pin" integer, "refreshtoken" text, "refreshtokenexpires" TIMESTAMP WITH TIME ZONE, "commission" double precision, "addressId" uuid, "accountTypeId" uuid, "userWalletId" uuid, CONSTRAINT "UQ_97672ac88f789774dd47f7c8be3" UNIQUE ("email"), CONSTRAINT "REL_bafb08f60d7857f4670c172a6e" UNIQUE ("addressId"), CONSTRAINT "REL_d29c53ee6224c8cabb62f9d1cb" UNIQUE ("userWalletId"), CONSTRAINT "CHK_ad31d98b65dbe512313af3c8d6" CHECK ("age" > 18), CONSTRAINT "PK_a3ffb1c0c8416b9fc6f907b7433" PRIMARY KEY ("id"))
[2022-01-05T11:26:56.679Z][QUERY]: CREATE UNIQUE INDEX "IDX_97672ac88f789774dd47f7c8be" ON "users" ("email") 
[2022-01-05T11:26:56.680Z][QUERY]: CREATE TYPE "accounttype_accounttype_enum" AS ENUM('admin', 'developer', 'client', 'customer')
[2022-01-05T11:26:56.681Z][QUERY]: CREATE TABLE "accounttype" ("id" uuid NOT NULL DEFAULT uuid_generate_v4(), "isActive" boolean NOT NULL DEFAULT true, "isArchived" boolean NOT NULL DEFAULT false, "createDateTime" TIMESTAMP WITH TIME ZONE NOT NULL DEFAULT now(), "lastChangedDateTime" TIMESTAMP WITH TIME ZONE NOT NULL DEFAULT now(), "lastChangedBy" character varying(300), "internalComment" character varying(300), "version" integer NOT NULL, "accountType" "accounttype_accounttype_enum" NOT NULL DEFAULT 'customer', "description" character varying(300) NOT NULL, CONSTRAINT "UQ_6a39a154930cfec4d255ce3f6a1" UNIQUE ("accountType"), CONSTRAINT "PK_55634f609c700a64201b82ae897" PRIMARY KEY ("id"))
[2022-01-05T11:26:56.684Z][QUERY]: INSERT INTO "accountType" VALUES("a53fa6ac-af52-458f-82bf-98d4a8f3e775", true, false, NOW(), NOW(), null, null, 1, "admin", "admin user of the application")
[2022-01-05T11:26:56.685Z][FAILED QUERY]: INSERT INTO "accountType" VALUES("a53fa6ac-af52-458f-82bf-98d4a8f3e775", true, false, NOW(), NOW(), null, null, 1, "admin", "admin user of the application")
[2022-01-05T11:26:56.685Z][QUERY ERROR]: error: relation "accountType" does not exist
[2022-01-05T11:26:56.686Z][QUERY]: ROLLBACK
[2022-01-05T11:28:56.902Z][QUERY]: CREATE EXTENSION IF NOT EXISTS "uuid-ossp"
[2022-01-05T11:28:56.905Z][QUERY]: SELECT * FROM current_schema()
[2022-01-05T11:28:56.906Z][QUERY]: SELECT * FROM "information_schema"."tables" WHERE "table_schema" = 'public' AND "table_name" = 'migrations'
[2022-01-05T11:28:56.910Z][QUERY]: SELECT * FROM "migrations" "migrations" ORDER BY "id" DESC
[2022-01-05T11:28:56.911Z]0 migrations are already loaded in the database.
[2022-01-05T11:28:56.911Z]1 migrations were found in the source code.
[2022-01-05T11:28:56.911Z]1 migrations are new migrations that needs to be executed.
[2022-01-05T11:28:56.911Z][QUERY]: START TRANSACTION
[2022-01-05T11:28:56.912Z][QUERY]: CREATE TABLE "address" ("id" uuid NOT NULL DEFAULT uuid_generate_v4(), "isActive" boolean NOT NULL DEFAULT true, "isArchived" boolean NOT NULL DEFAULT false, "createDateTime" TIMESTAMP WITH TIME ZONE NOT NULL DEFAULT now(), "lastChangedDateTime" TIMESTAMP WITH TIME ZONE NOT NULL DEFAULT now(), "lastChangedBy" character varying(300), "internalComment" character varying(300), "version" integer NOT NULL, "street" character varying(100) NOT NULL, "addressline1" character varying(100) NOT NULL, "city" character varying(20) NOT NULL, "state" character varying(20) NOT NULL, "country" character varying(20) NOT NULL, "zip" character varying(20) NOT NULL, CONSTRAINT "PK_d92de1f82754668b5f5f5dd4fd5" PRIMARY KEY ("id"))
[2022-01-05T11:28:56.916Z][QUERY]: CREATE TABLE "userwallet" ("id" uuid NOT NULL DEFAULT uuid_generate_v4(), "isActive" boolean NOT NULL DEFAULT true, "isArchived" boolean NOT NULL DEFAULT false, "createDateTime" TIMESTAMP WITH TIME ZONE NOT NULL DEFAULT now(), "lastChangedDateTime" TIMESTAMP WITH TIME ZONE NOT NULL DEFAULT now(), "lastChangedBy" character varying(300), "internalComment" character varying(300), "version" integer NOT NULL, "walletUpperLimit" double precision, "walletLowerLimit" double precision, "walletCurrentAmount" double precision, CONSTRAINT "PK_48edcc6e7e3c9dc89c095b4babf" PRIMARY KEY ("id"))
[2022-01-05T11:28:56.919Z][QUERY]: CREATE TYPE "users_gender_enum" AS ENUM('male', 'female', 'others')
[2022-01-05T11:28:56.919Z][QUERY]: CREATE TABLE "users" ("id" uuid NOT NULL DEFAULT uuid_generate_v4(), "isActive" boolean NOT NULL DEFAULT true, "isArchived" boolean NOT NULL DEFAULT false, "createDateTime" TIMESTAMP WITH TIME ZONE NOT NULL DEFAULT now(), "lastChangedDateTime" TIMESTAMP WITH TIME ZONE NOT NULL DEFAULT now(), "lastChangedBy" character varying(300), "internalComment" character varying(300), "version" integer NOT NULL, "createdBy" character varying(300) NOT NULL, "firstName" character varying(20) NOT NULL, "lastName" character varying(20) NOT NULL, "gender" "users_gender_enum" NOT NULL, "email" character varying(30) NOT NULL, "phone" character varying NOT NULL, "password" character varying NOT NULL, "age" integer NOT NULL, "pin" integer, "refreshtoken" text, "refreshtokenexpires" TIMESTAMP WITH TIME ZONE, "commission" double precision, "addressId" uuid, "accountTypeId" uuid, "userWalletId" uuid, CONSTRAINT "UQ_97672ac88f789774dd47f7c8be3" UNIQUE ("email"), CONSTRAINT "REL_bafb08f60d7857f4670c172a6e" UNIQUE ("addressId"), CONSTRAINT "REL_d29c53ee6224c8cabb62f9d1cb" UNIQUE ("userWalletId"), CONSTRAINT "CHK_ad31d98b65dbe512313af3c8d6" CHECK ("age" > 18), CONSTRAINT "PK_a3ffb1c0c8416b9fc6f907b7433" PRIMARY KEY ("id"))
[2022-01-05T11:28:56.926Z][QUERY]: CREATE UNIQUE INDEX "IDX_97672ac88f789774dd47f7c8be" ON "users" ("email") 
[2022-01-05T11:28:56.928Z][QUERY]: CREATE TYPE "accounttype_accounttype_enum" AS ENUM('admin', 'developer', 'client', 'customer')
[2022-01-05T11:28:56.928Z][QUERY]: CREATE TABLE "accounttype" ("id" uuid NOT NULL DEFAULT uuid_generate_v4(), "isActive" boolean NOT NULL DEFAULT true, "isArchived" boolean NOT NULL DEFAULT false, "createDateTime" TIMESTAMP WITH TIME ZONE NOT NULL DEFAULT now(), "lastChangedDateTime" TIMESTAMP WITH TIME ZONE NOT NULL DEFAULT now(), "lastChangedBy" character varying(300), "internalComment" character varying(300), "version" integer NOT NULL, "accountType" "accounttype_accounttype_enum" NOT NULL DEFAULT 'customer', "description" character varying(300) NOT NULL, CONSTRAINT "UQ_6a39a154930cfec4d255ce3f6a1" UNIQUE ("accountType"), CONSTRAINT "PK_55634f609c700a64201b82ae897" PRIMARY KEY ("id"))
[2022-01-05T11:28:56.932Z][QUERY]: ALTER TABLE "users" ADD CONSTRAINT "FK_bafb08f60d7857f4670c172a6ea" FOREIGN KEY ("addressId") REFERENCES "address"("id") ON DELETE NO ACTION ON UPDATE NO ACTION
[2022-01-05T11:28:56.935Z][QUERY]: ALTER TABLE "users" ADD CONSTRAINT "FK_5e1a29e5ed3f2c167f87f2993ac" FOREIGN KEY ("accountTypeId") REFERENCES "accounttype"("id") ON DELETE NO ACTION ON UPDATE NO ACTION
[2022-01-05T11:28:56.936Z][QUERY]: ALTER TABLE "users" ADD CONSTRAINT "FK_d29c53ee6224c8cabb62f9d1cb8" FOREIGN KEY ("userWalletId") REFERENCES "userwallet"("id") ON DELETE NO ACTION ON UPDATE NO ACTION
[2022-01-05T11:28:56.937Z][QUERY]: CREATE TABLE "query-result-cache" ("id" SERIAL NOT NULL, "identifier" character varying, "time" bigint NOT NULL, "duration" integer NOT NULL, "query" text NOT NULL, "result" text NOT NULL, CONSTRAINT "PK_6a98f758d8bfd010e7e10ffd3d3" PRIMARY KEY ("id"))
[2022-01-05T11:28:56.940Z][QUERY]: INSERT INTO "accountType" VALUES("a53fa6ac-af52-458f-82bf-98d4a8f3e775", true, false, NOW(), NOW(), null, null, 1, "admin", "admin user of the application")
[2022-01-05T11:28:56.941Z][FAILED QUERY]: INSERT INTO "accountType" VALUES("a53fa6ac-af52-458f-82bf-98d4a8f3e775", true, false, NOW(), NOW(), null, null, 1, "admin", "admin user of the application")
[2022-01-05T11:28:56.941Z][QUERY ERROR]: error: relation "accountType" does not exist
[2022-01-05T11:28:56.941Z][QUERY]: ROLLBACK
[2022-01-05T11:29:57.021Z][QUERY]: CREATE EXTENSION IF NOT EXISTS "uuid-ossp"
[2022-01-05T11:29:57.024Z][QUERY]: SELECT * FROM current_schema()
[2022-01-05T11:29:57.025Z][QUERY]: SELECT * FROM "information_schema"."tables" WHERE "table_schema" = 'public' AND "table_name" = 'migrations'
[2022-01-05T11:29:57.029Z][QUERY]: SELECT * FROM "migrations" "migrations" ORDER BY "id" DESC
[2022-01-05T11:29:57.030Z]0 migrations are already loaded in the database.
[2022-01-05T11:29:57.030Z]1 migrations were found in the source code.
[2022-01-05T11:29:57.030Z]1 migrations are new migrations that needs to be executed.
[2022-01-05T11:29:57.030Z][QUERY]: START TRANSACTION
[2022-01-05T11:29:57.030Z][QUERY]: CREATE TABLE "address" ("id" uuid NOT NULL DEFAULT uuid_generate_v4(), "isActive" boolean NOT NULL DEFAULT true, "isArchived" boolean NOT NULL DEFAULT false, "createDateTime" TIMESTAMP WITH TIME ZONE NOT NULL DEFAULT now(), "lastChangedDateTime" TIMESTAMP WITH TIME ZONE NOT NULL DEFAULT now(), "lastChangedBy" character varying(300), "internalComment" character varying(300), "version" integer NOT NULL, "street" character varying(100) NOT NULL, "addressline1" character varying(100) NOT NULL, "city" character varying(20) NOT NULL, "state" character varying(20) NOT NULL, "country" character varying(20) NOT NULL, "zip" character varying(20) NOT NULL, CONSTRAINT "PK_d92de1f82754668b5f5f5dd4fd5" PRIMARY KEY ("id"))
[2022-01-05T11:29:57.034Z][QUERY]: CREATE TABLE "userwallet" ("id" uuid NOT NULL DEFAULT uuid_generate_v4(), "isActive" boolean NOT NULL DEFAULT true, "isArchived" boolean NOT NULL DEFAULT false, "createDateTime" TIMESTAMP WITH TIME ZONE NOT NULL DEFAULT now(), "lastChangedDateTime" TIMESTAMP WITH TIME ZONE NOT NULL DEFAULT now(), "lastChangedBy" character varying(300), "internalComment" character varying(300), "version" integer NOT NULL, "walletUpperLimit" double precision, "walletLowerLimit" double precision, "walletCurrentAmount" double precision, CONSTRAINT "PK_48edcc6e7e3c9dc89c095b4babf" PRIMARY KEY ("id"))
[2022-01-05T11:29:57.037Z][QUERY]: CREATE TYPE "users_gender_enum" AS ENUM('male', 'female', 'others')
[2022-01-05T11:29:57.038Z][QUERY]: CREATE TABLE "users" ("id" uuid NOT NULL DEFAULT uuid_generate_v4(), "isActive" boolean NOT NULL DEFAULT true, "isArchived" boolean NOT NULL DEFAULT false, "createDateTime" TIMESTAMP WITH TIME ZONE NOT NULL DEFAULT now(), "lastChangedDateTime" TIMESTAMP WITH TIME ZONE NOT NULL DEFAULT now(), "lastChangedBy" character varying(300), "internalComment" character varying(300), "version" integer NOT NULL, "createdBy" character varying(300) NOT NULL, "firstName" character varying(20) NOT NULL, "lastName" character varying(20) NOT NULL, "gender" "users_gender_enum" NOT NULL, "email" character varying(30) NOT NULL, "phone" character varying NOT NULL, "password" character varying NOT NULL, "age" integer NOT NULL, "pin" integer, "refreshtoken" text, "refreshtokenexpires" TIMESTAMP WITH TIME ZONE, "commission" double precision, "addressId" uuid, "accountTypeId" uuid, "userWalletId" uuid, CONSTRAINT "UQ_97672ac88f789774dd47f7c8be3" UNIQUE ("email"), CONSTRAINT "REL_bafb08f60d7857f4670c172a6e" UNIQUE ("addressId"), CONSTRAINT "REL_d29c53ee6224c8cabb62f9d1cb" UNIQUE ("userWalletId"), CONSTRAINT "CHK_ad31d98b65dbe512313af3c8d6" CHECK ("age" > 18), CONSTRAINT "PK_a3ffb1c0c8416b9fc6f907b7433" PRIMARY KEY ("id"))
[2022-01-05T11:29:57.046Z][QUERY]: CREATE UNIQUE INDEX "IDX_97672ac88f789774dd47f7c8be" ON "users" ("email") 
[2022-01-05T11:29:57.048Z][QUERY]: CREATE TYPE "accounttype_accounttype_enum" AS ENUM('admin', 'developer', 'client', 'customer')
[2022-01-05T11:29:57.048Z][QUERY]: CREATE TABLE "accounttype" ("id" uuid NOT NULL DEFAULT uuid_generate_v4(), "isActive" boolean NOT NULL DEFAULT true, "isArchived" boolean NOT NULL DEFAULT false, "createDateTime" TIMESTAMP WITH TIME ZONE NOT NULL DEFAULT now(), "lastChangedDateTime" TIMESTAMP WITH TIME ZONE NOT NULL DEFAULT now(), "lastChangedBy" character varying(300), "internalComment" character varying(300), "version" integer NOT NULL, "accountType" "accounttype_accounttype_enum" NOT NULL DEFAULT 'customer', "description" character varying(300) NOT NULL, CONSTRAINT "UQ_6a39a154930cfec4d255ce3f6a1" UNIQUE ("accountType"), CONSTRAINT "PK_55634f609c700a64201b82ae897" PRIMARY KEY ("id"))
[2022-01-05T11:29:57.052Z][QUERY]: ALTER TABLE "users" ADD CONSTRAINT "FK_bafb08f60d7857f4670c172a6ea" FOREIGN KEY ("addressId") REFERENCES "address"("id") ON DELETE NO ACTION ON UPDATE NO ACTION
[2022-01-05T11:29:57.054Z][QUERY]: ALTER TABLE "users" ADD CONSTRAINT "FK_5e1a29e5ed3f2c167f87f2993ac" FOREIGN KEY ("accountTypeId") REFERENCES "accounttype"("id") ON DELETE NO ACTION ON UPDATE NO ACTION
[2022-01-05T11:29:57.055Z][QUERY]: ALTER TABLE "users" ADD CONSTRAINT "FK_d29c53ee6224c8cabb62f9d1cb8" FOREIGN KEY ("userWalletId") REFERENCES "userwallet"("id") ON DELETE NO ACTION ON UPDATE NO ACTION
[2022-01-05T11:29:57.056Z][QUERY]: CREATE TABLE "query-result-cache" ("id" SERIAL NOT NULL, "identifier" character varying, "time" bigint NOT NULL, "duration" integer NOT NULL, "query" text NOT NULL, "result" text NOT NULL, CONSTRAINT "PK_6a98f758d8bfd010e7e10ffd3d3" PRIMARY KEY ("id"))
[2022-01-05T11:29:57.060Z][QUERY]: INSERT INTO "migrations"("timestamp", "name") VALUES ($1, $2) -- PARAMETERS: [1641381140268,"myinit1641381140268"]
[2022-01-05T11:29:57.061Z]Migration myinit1641381140268 has been executed successfully.
[2022-01-05T11:29:57.061Z][QUERY]: COMMIT
[2022-01-05T11:41:04.193Z][QUERY]: CREATE EXTENSION IF NOT EXISTS "uuid-ossp"
[2022-01-05T11:41:04.197Z][QUERY]: SELECT * FROM current_schema()
[2022-01-05T11:41:04.198Z][QUERY]: SELECT * FROM "information_schema"."tables" WHERE "table_schema" = 'public' AND "table_name" = 'migrations'
[2022-01-05T11:41:04.201Z][QUERY]: CREATE TABLE "migrations" ("id" SERIAL NOT NULL, "timestamp" bigint NOT NULL, "name" character varying NOT NULL, CONSTRAINT "PK_8c82d7f526340ab734260ea46be" PRIMARY KEY ("id"))
[2022-01-05T11:41:04.206Z][QUERY]: SELECT * FROM "migrations" "migrations" ORDER BY "id" DESC
[2022-01-05T11:41:04.207Z]0 migrations are already loaded in the database.
[2022-01-05T11:41:04.208Z]1 migrations were found in the source code.
[2022-01-05T11:41:04.208Z]1 migrations are new migrations that needs to be executed.
[2022-01-05T11:41:04.208Z][QUERY]: START TRANSACTION
[2022-01-05T11:41:04.208Z][QUERY]: CREATE TABLE "address" ("id" uuid NOT NULL DEFAULT uuid_generate_v4(), "isActive" boolean NOT NULL DEFAULT true, "isArchived" boolean NOT NULL DEFAULT false, "createDateTime" TIMESTAMP WITH TIME ZONE NOT NULL DEFAULT now(), "lastChangedDateTime" TIMESTAMP WITH TIME ZONE NOT NULL DEFAULT now(), "lastChangedBy" character varying(300), "internalComment" character varying(300), "version" integer NOT NULL, "street" character varying(100) NOT NULL, "addressline1" character varying(100) NOT NULL, "city" character varying(20) NOT NULL, "state" character varying(20) NOT NULL, "country" character varying(20) NOT NULL, "zip" character varying(20) NOT NULL, CONSTRAINT "PK_d92de1f82754668b5f5f5dd4fd5" PRIMARY KEY ("id"))
[2022-01-05T11:41:04.211Z][QUERY]: CREATE TABLE "userwallet" ("id" uuid NOT NULL DEFAULT uuid_generate_v4(), "isActive" boolean NOT NULL DEFAULT true, "isArchived" boolean NOT NULL DEFAULT false, "createDateTime" TIMESTAMP WITH TIME ZONE NOT NULL DEFAULT now(), "lastChangedDateTime" TIMESTAMP WITH TIME ZONE NOT NULL DEFAULT now(), "lastChangedBy" character varying(300), "internalComment" character varying(300), "version" integer NOT NULL, "walletUpperLimit" double precision, "walletLowerLimit" double precision, "walletCurrentAmount" double precision, CONSTRAINT "PK_48edcc6e7e3c9dc89c095b4babf" PRIMARY KEY ("id"))
[2022-01-05T11:41:04.214Z][QUERY]: CREATE TYPE "users_gender_enum" AS ENUM('male', 'female', 'others')
[2022-01-05T11:41:04.215Z][QUERY]: CREATE TABLE "users" ("id" uuid NOT NULL DEFAULT uuid_generate_v4(), "isActive" boolean NOT NULL DEFAULT true, "isArchived" boolean NOT NULL DEFAULT false, "createDateTime" TIMESTAMP WITH TIME ZONE NOT NULL DEFAULT now(), "lastChangedDateTime" TIMESTAMP WITH TIME ZONE NOT NULL DEFAULT now(), "lastChangedBy" character varying(300), "internalComment" character varying(300), "version" integer NOT NULL, "createdBy" character varying(300) NOT NULL, "firstName" character varying(20) NOT NULL, "lastName" character varying(20) NOT NULL, "gender" "users_gender_enum" NOT NULL, "email" character varying(30) NOT NULL, "phone" character varying NOT NULL, "password" character varying NOT NULL, "age" integer NOT NULL, "pin" integer, "refreshtoken" text, "refreshtokenexpires" TIMESTAMP WITH TIME ZONE, "commission" double precision, "addressId" uuid, "accountTypeId" uuid, "userWalletId" uuid, CONSTRAINT "UQ_97672ac88f789774dd47f7c8be3" UNIQUE ("email"), CONSTRAINT "REL_bafb08f60d7857f4670c172a6e" UNIQUE ("addressId"), CONSTRAINT "REL_d29c53ee6224c8cabb62f9d1cb" UNIQUE ("userWalletId"), CONSTRAINT "CHK_ad31d98b65dbe512313af3c8d6" CHECK ("age" > 18), CONSTRAINT "PK_a3ffb1c0c8416b9fc6f907b7433" PRIMARY KEY ("id"))
[2022-01-05T11:41:04.221Z][QUERY]: CREATE UNIQUE INDEX "IDX_97672ac88f789774dd47f7c8be" ON "users" ("email") 
[2022-01-05T11:41:04.223Z][QUERY]: CREATE TYPE "accounttype_accounttype_enum" AS ENUM('admin', 'developer', 'client', 'customer')
[2022-01-05T11:41:04.223Z][QUERY]: CREATE TABLE "accounttype" ("id" uuid NOT NULL DEFAULT uuid_generate_v4(), "isActive" boolean NOT NULL DEFAULT true, "isArchived" boolean NOT NULL DEFAULT false, "createDateTime" TIMESTAMP WITH TIME ZONE NOT NULL DEFAULT now(), "lastChangedDateTime" TIMESTAMP WITH TIME ZONE NOT NULL DEFAULT now(), "lastChangedBy" character varying(300), "internalComment" character varying(300), "version" integer NOT NULL, "accountType" "accounttype_accounttype_enum" NOT NULL DEFAULT 'customer', "description" character varying(300) NOT NULL, CONSTRAINT "UQ_6a39a154930cfec4d255ce3f6a1" UNIQUE ("accountType"), CONSTRAINT "PK_55634f609c700a64201b82ae897" PRIMARY KEY ("id"))
[2022-01-05T11:41:04.229Z][QUERY]: INSERT INTO "table_name"("id", "isActive", "isArchived", "createDateTime", "lastChangedDateTime", "lastChangedBy", "internalComment", "version", "accountType", "description") VALUES ($1, $2, $3, $4, $5, $6, $7, $8, $9, $10) -- PARAMETERS: ["a53fa6ac-af52-458f-82bf-98d4a8f3e775",true,false,"2022-01-05T10:53:53.233Z","2022-01-05T10:53:53.233Z",null,null,1,"admin","admin user of the application"]
[2022-01-05T11:41:04.231Z][FAILED QUERY]: INSERT INTO "table_name"("id", "isActive", "isArchived", "createDateTime", "lastChangedDateTime", "lastChangedBy", "internalComment", "version", "accountType", "description") VALUES ($1, $2, $3, $4, $5, $6, $7, $8, $9, $10) -- PARAMETERS: ["a53fa6ac-af52-458f-82bf-98d4a8f3e775",true,false,"2022-01-05T10:53:53.233Z","2022-01-05T10:53:53.233Z",null,null,1,"admin","admin user of the application"]
[2022-01-05T11:41:04.231Z][QUERY ERROR]: error: relation "table_name" does not exist
[2022-01-05T11:41:04.231Z][QUERY]: ROLLBACK
[2022-01-05T11:41:42.148Z][QUERY]: CREATE EXTENSION IF NOT EXISTS "uuid-ossp"
[2022-01-05T11:41:42.152Z][QUERY]: SELECT * FROM current_schema()
[2022-01-05T11:41:42.153Z][QUERY]: SELECT * FROM "information_schema"."tables" WHERE "table_schema" = 'public' AND "table_name" = 'migrations'
[2022-01-05T11:41:42.156Z][QUERY]: SELECT * FROM "migrations" "migrations" ORDER BY "id" DESC
[2022-01-05T11:41:42.157Z]0 migrations are already loaded in the database.
[2022-01-05T11:41:42.157Z]1 migrations were found in the source code.
[2022-01-05T11:41:42.157Z]1 migrations are new migrations that needs to be executed.
[2022-01-05T11:41:42.157Z][QUERY]: START TRANSACTION
[2022-01-05T11:41:42.158Z][QUERY]: CREATE TABLE "address" ("id" uuid NOT NULL DEFAULT uuid_generate_v4(), "isActive" boolean NOT NULL DEFAULT true, "isArchived" boolean NOT NULL DEFAULT false, "createDateTime" TIMESTAMP WITH TIME ZONE NOT NULL DEFAULT now(), "lastChangedDateTime" TIMESTAMP WITH TIME ZONE NOT NULL DEFAULT now(), "lastChangedBy" character varying(300), "internalComment" character varying(300), "version" integer NOT NULL, "street" character varying(100) NOT NULL, "addressline1" character varying(100) NOT NULL, "city" character varying(20) NOT NULL, "state" character varying(20) NOT NULL, "country" character varying(20) NOT NULL, "zip" character varying(20) NOT NULL, CONSTRAINT "PK_d92de1f82754668b5f5f5dd4fd5" PRIMARY KEY ("id"))
[2022-01-05T11:41:42.161Z][QUERY]: CREATE TABLE "userwallet" ("id" uuid NOT NULL DEFAULT uuid_generate_v4(), "isActive" boolean NOT NULL DEFAULT true, "isArchived" boolean NOT NULL DEFAULT false, "createDateTime" TIMESTAMP WITH TIME ZONE NOT NULL DEFAULT now(), "lastChangedDateTime" TIMESTAMP WITH TIME ZONE NOT NULL DEFAULT now(), "lastChangedBy" character varying(300), "internalComment" character varying(300), "version" integer NOT NULL, "walletUpperLimit" double precision, "walletLowerLimit" double precision, "walletCurrentAmount" double precision, CONSTRAINT "PK_48edcc6e7e3c9dc89c095b4babf" PRIMARY KEY ("id"))
[2022-01-05T11:41:42.165Z][QUERY]: CREATE TYPE "users_gender_enum" AS ENUM('male', 'female', 'others')
[2022-01-05T11:41:42.165Z][QUERY]: CREATE TABLE "users" ("id" uuid NOT NULL DEFAULT uuid_generate_v4(), "isActive" boolean NOT NULL DEFAULT true, "isArchived" boolean NOT NULL DEFAULT false, "createDateTime" TIMESTAMP WITH TIME ZONE NOT NULL DEFAULT now(), "lastChangedDateTime" TIMESTAMP WITH TIME ZONE NOT NULL DEFAULT now(), "lastChangedBy" character varying(300), "internalComment" character varying(300), "version" integer NOT NULL, "createdBy" character varying(300) NOT NULL, "firstName" character varying(20) NOT NULL, "lastName" character varying(20) NOT NULL, "gender" "users_gender_enum" NOT NULL, "email" character varying(30) NOT NULL, "phone" character varying NOT NULL, "password" character varying NOT NULL, "age" integer NOT NULL, "pin" integer, "refreshtoken" text, "refreshtokenexpires" TIMESTAMP WITH TIME ZONE, "commission" double precision, "addressId" uuid, "accountTypeId" uuid, "userWalletId" uuid, CONSTRAINT "UQ_97672ac88f789774dd47f7c8be3" UNIQUE ("email"), CONSTRAINT "REL_bafb08f60d7857f4670c172a6e" UNIQUE ("addressId"), CONSTRAINT "REL_d29c53ee6224c8cabb62f9d1cb" UNIQUE ("userWalletId"), CONSTRAINT "CHK_ad31d98b65dbe512313af3c8d6" CHECK ("age" > 18), CONSTRAINT "PK_a3ffb1c0c8416b9fc6f907b7433" PRIMARY KEY ("id"))
[2022-01-05T11:41:42.171Z][QUERY]: CREATE UNIQUE INDEX "IDX_97672ac88f789774dd47f7c8be" ON "users" ("email") 
[2022-01-05T11:41:42.172Z][QUERY]: CREATE TYPE "accounttype_accounttype_enum" AS ENUM('admin', 'developer', 'client', 'customer')
[2022-01-05T11:41:42.173Z][QUERY]: CREATE TABLE "accounttype" ("id" uuid NOT NULL DEFAULT uuid_generate_v4(), "isActive" boolean NOT NULL DEFAULT true, "isArchived" boolean NOT NULL DEFAULT false, "createDateTime" TIMESTAMP WITH TIME ZONE NOT NULL DEFAULT now(), "lastChangedDateTime" TIMESTAMP WITH TIME ZONE NOT NULL DEFAULT now(), "lastChangedBy" character varying(300), "internalComment" character varying(300), "version" integer NOT NULL, "accountType" "accounttype_accounttype_enum" NOT NULL DEFAULT 'customer', "description" character varying(300) NOT NULL, CONSTRAINT "UQ_6a39a154930cfec4d255ce3f6a1" UNIQUE ("accountType"), CONSTRAINT "PK_55634f609c700a64201b82ae897" PRIMARY KEY ("id"))
[2022-01-05T11:41:42.180Z][QUERY]: INSERT INTO "accounttype"("id", "isActive", "isArchived", "createDateTime", "lastChangedDateTime", "lastChangedBy", "internalComment", "version", "accountType", "description") VALUES ($1, $2, $3, $4, $5, $6, $7, $8, $9, $10) RETURNING "id", "isActive", "isArchived", "createDateTime", "lastChangedDateTime", "version", "accountType" -- PARAMETERS: ["a53fa6ac-af52-458f-82bf-98d4a8f3e775",true,false,"2022-01-05T10:53:53.233Z","2022-01-05T10:53:53.233Z",null,null,1,"admin","admin user of the application"]
[2022-01-05T11:41:42.184Z][QUERY]: ALTER TABLE "users" ADD CONSTRAINT "FK_bafb08f60d7857f4670c172a6ea" FOREIGN KEY ("addressId") REFERENCES "address"("id") ON DELETE NO ACTION ON UPDATE NO ACTION
[2022-01-05T11:41:42.186Z][QUERY]: ALTER TABLE "users" ADD CONSTRAINT "FK_5e1a29e5ed3f2c167f87f2993ac" FOREIGN KEY ("accountTypeId") REFERENCES "accounttype"("id") ON DELETE NO ACTION ON UPDATE NO ACTION
[2022-01-05T11:41:42.187Z][QUERY]: ALTER TABLE "users" ADD CONSTRAINT "FK_d29c53ee6224c8cabb62f9d1cb8" FOREIGN KEY ("userWalletId") REFERENCES "userwallet"("id") ON DELETE NO ACTION ON UPDATE NO ACTION
[2022-01-05T11:41:42.188Z][QUERY]: CREATE TABLE "query-result-cache" ("id" SERIAL NOT NULL, "identifier" character varying, "time" bigint NOT NULL, "duration" integer NOT NULL, "query" text NOT NULL, "result" text NOT NULL, CONSTRAINT "PK_6a98f758d8bfd010e7e10ffd3d3" PRIMARY KEY ("id"))
[2022-01-05T11:41:42.192Z][QUERY]: INSERT INTO "migrations"("timestamp", "name") VALUES ($1, $2) -- PARAMETERS: [1641381140268,"myinit1641381140268"]
[2022-01-05T11:41:42.193Z]Migration myinit1641381140268 has been executed successfully.
[2022-01-05T11:41:42.193Z][QUERY]: COMMIT
[2022-01-05T11:44:25.426Z][QUERY]: CREATE EXTENSION IF NOT EXISTS "uuid-ossp"
[2022-01-05T11:44:25.432Z][QUERY]: SELECT * FROM current_schema()
[2022-01-05T11:44:25.433Z][QUERY]: SELECT * FROM "information_schema"."tables" WHERE "table_schema" = 'public' AND "table_name" = 'migrations'
[2022-01-05T11:44:25.436Z][QUERY]: CREATE TABLE "migrations" ("id" SERIAL NOT NULL, "timestamp" bigint NOT NULL, "name" character varying NOT NULL, CONSTRAINT "PK_8c82d7f526340ab734260ea46be" PRIMARY KEY ("id"))
[2022-01-05T11:44:25.442Z][QUERY]: SELECT * FROM "migrations" "migrations" ORDER BY "id" DESC
[2022-01-05T11:44:25.443Z]0 migrations are already loaded in the database.
[2022-01-05T11:44:25.443Z]1 migrations were found in the source code.
[2022-01-05T11:44:25.443Z]1 migrations are new migrations that needs to be executed.
[2022-01-05T11:44:25.444Z][QUERY]: START TRANSACTION
[2022-01-05T11:44:25.444Z][QUERY]: CREATE TABLE "address" ("id" uuid NOT NULL DEFAULT uuid_generate_v4(), "isActive" boolean NOT NULL DEFAULT true, "isArchived" boolean NOT NULL DEFAULT false, "createDateTime" TIMESTAMP WITH TIME ZONE NOT NULL DEFAULT now(), "lastChangedDateTime" TIMESTAMP WITH TIME ZONE NOT NULL DEFAULT now(), "lastChangedBy" character varying(300), "internalComment" character varying(300), "version" integer NOT NULL, "street" character varying(100) NOT NULL, "addressline1" character varying(100) NOT NULL, "city" character varying(20) NOT NULL, "state" character varying(20) NOT NULL, "country" character varying(20) NOT NULL, "zip" character varying(20) NOT NULL, CONSTRAINT "PK_d92de1f82754668b5f5f5dd4fd5" PRIMARY KEY ("id"))
[2022-01-05T11:44:25.448Z][QUERY]: CREATE TABLE "userwallet" ("id" uuid NOT NULL DEFAULT uuid_generate_v4(), "isActive" boolean NOT NULL DEFAULT true, "isArchived" boolean NOT NULL DEFAULT false, "createDateTime" TIMESTAMP WITH TIME ZONE NOT NULL DEFAULT now(), "lastChangedDateTime" TIMESTAMP WITH TIME ZONE NOT NULL DEFAULT now(), "lastChangedBy" character varying(300), "internalComment" character varying(300), "version" integer NOT NULL, "walletUpperLimit" double precision, "walletLowerLimit" double precision, "walletCurrentAmount" double precision, CONSTRAINT "PK_48edcc6e7e3c9dc89c095b4babf" PRIMARY KEY ("id"))
[2022-01-05T11:44:25.451Z][QUERY]: CREATE TYPE "users_gender_enum" AS ENUM('male', 'female', 'others')
[2022-01-05T11:44:25.452Z][QUERY]: CREATE TABLE "users" ("id" uuid NOT NULL DEFAULT uuid_generate_v4(), "isActive" boolean NOT NULL DEFAULT true, "isArchived" boolean NOT NULL DEFAULT false, "createDateTime" TIMESTAMP WITH TIME ZONE NOT NULL DEFAULT now(), "lastChangedDateTime" TIMESTAMP WITH TIME ZONE NOT NULL DEFAULT now(), "lastChangedBy" character varying(300), "internalComment" character varying(300), "version" integer NOT NULL, "createdBy" character varying(300) NOT NULL, "firstName" character varying(20) NOT NULL, "lastName" character varying(20) NOT NULL, "gender" "users_gender_enum" NOT NULL, "email" character varying(30) NOT NULL, "phone" character varying NOT NULL, "password" character varying NOT NULL, "age" integer NOT NULL, "pin" integer, "refreshtoken" text, "refreshtokenexpires" TIMESTAMP WITH TIME ZONE, "commission" double precision, "addressId" uuid, "accountTypeId" uuid, "userWalletId" uuid, CONSTRAINT "UQ_97672ac88f789774dd47f7c8be3" UNIQUE ("email"), CONSTRAINT "REL_bafb08f60d7857f4670c172a6e" UNIQUE ("addressId"), CONSTRAINT "REL_d29c53ee6224c8cabb62f9d1cb" UNIQUE ("userWalletId"), CONSTRAINT "CHK_ad31d98b65dbe512313af3c8d6" CHECK ("age" > 18), CONSTRAINT "PK_a3ffb1c0c8416b9fc6f907b7433" PRIMARY KEY ("id"))
[2022-01-05T11:44:25.459Z][QUERY]: CREATE UNIQUE INDEX "IDX_97672ac88f789774dd47f7c8be" ON "users" ("email") 
[2022-01-05T11:44:25.460Z][QUERY]: CREATE TYPE "accounttype_accounttype_enum" AS ENUM('admin', 'developer', 'client', 'customer')
[2022-01-05T11:44:25.460Z][QUERY]: CREATE TABLE "accounttype" ("id" uuid NOT NULL DEFAULT uuid_generate_v4(), "isActive" boolean NOT NULL DEFAULT true, "isArchived" boolean NOT NULL DEFAULT false, "createDateTime" TIMESTAMP WITH TIME ZONE NOT NULL DEFAULT now(), "lastChangedDateTime" TIMESTAMP WITH TIME ZONE NOT NULL DEFAULT now(), "lastChangedBy" character varying(300), "internalComment" character varying(300), "version" integer NOT NULL, "accountType" "accounttype_accounttype_enum" NOT NULL DEFAULT 'customer', "description" character varying(300) NOT NULL, CONSTRAINT "UQ_6a39a154930cfec4d255ce3f6a1" UNIQUE ("accountType"), CONSTRAINT "PK_55634f609c700a64201b82ae897" PRIMARY KEY ("id"))
[2022-01-05T11:44:25.467Z][QUERY]: INSERT INTO "accounttype"("id", "isActive", "isArchived", "createDateTime", "lastChangedDateTime", "lastChangedBy", "internalComment", "version", "accountType", "description") VALUES ($1, $2, $3, $4, $5, $6, $7, $8, $9, $10), ($11, $12, $13, $14, $15, $16, $17, $18, $19, $20), ($21, $22, $23, $24, $25, $26, $27, $28, $29, $30), ($31, $32, $33, $34, $35, $36, $37, $38, $39, $40) RETURNING "id", "isActive", "isArchived", "createDateTime", "lastChangedDateTime", "version", "accountType" -- PARAMETERS: ["a53fa6ac-af52-458f-82bf-98d4a8f3e775",true,false,"2022-01-05T10:53:53.233Z","2022-01-05T10:53:53.233Z",null,null,1,"admin","admin user of the application","fcea276b-23f2-4467-b6fb-d7452545bc01",true,false,"2022-01-05T10:54:30.984Z","2022-01-05T10:54:30.984Z",null,null,1,"developer","developer user of the application","a368a8b1-19e2-4d33-8122-a6c9a91c52cc",true,false,"2022-01-05T10:54:45.851Z","2022-01-05T10:54:45.851Z",null,null,1,"client","client user of the application","519a1264-5fc7-4dc1-8430-33abf063ce71",true,false,"2022-01-05T10:55:00.763Z","2022-01-05T10:55:00.763Z",null,null,1,"customer","customer user of the application"]
[2022-01-05T11:44:25.470Z][QUERY]: ALTER TABLE "users" ADD CONSTRAINT "FK_bafb08f60d7857f4670c172a6ea" FOREIGN KEY ("addressId") REFERENCES "address"("id") ON DELETE NO ACTION ON UPDATE NO ACTION
[2022-01-05T11:44:25.476Z][QUERY]: ALTER TABLE "users" ADD CONSTRAINT "FK_5e1a29e5ed3f2c167f87f2993ac" FOREIGN KEY ("accountTypeId") REFERENCES "accounttype"("id") ON DELETE NO ACTION ON UPDATE NO ACTION
[2022-01-05T11:44:25.478Z][QUERY]: ALTER TABLE "users" ADD CONSTRAINT "FK_d29c53ee6224c8cabb62f9d1cb8" FOREIGN KEY ("userWalletId") REFERENCES "userwallet"("id") ON DELETE NO ACTION ON UPDATE NO ACTION
[2022-01-05T11:44:25.479Z][QUERY]: CREATE TABLE "query-result-cache" ("id" SERIAL NOT NULL, "identifier" character varying, "time" bigint NOT NULL, "duration" integer NOT NULL, "query" text NOT NULL, "result" text NOT NULL, CONSTRAINT "PK_6a98f758d8bfd010e7e10ffd3d3" PRIMARY KEY ("id"))
[2022-01-05T11:44:25.483Z][QUERY]: INSERT INTO "migrations"("timestamp", "name") VALUES ($1, $2) -- PARAMETERS: [1641381140268,"myinit1641381140268"]
[2022-01-05T11:44:25.484Z]Migration myinit1641381140268 has been executed successfully.
[2022-01-05T11:44:25.484Z][QUERY]: COMMIT
[2022-01-05T12:00:34.661Z][QUERY]: CREATE EXTENSION IF NOT EXISTS "uuid-ossp"
[2022-01-05T12:00:34.664Z][QUERY]: SELECT * FROM current_schema()
[2022-01-05T12:00:34.665Z][QUERY]: SELECT * FROM "information_schema"."tables" WHERE "table_schema" = 'public' AND "table_name" = 'migrations'
[2022-01-05T12:00:34.668Z][QUERY]: CREATE TABLE "migrations" ("id" SERIAL NOT NULL, "timestamp" bigint NOT NULL, "name" character varying NOT NULL, CONSTRAINT "PK_8c82d7f526340ab734260ea46be" PRIMARY KEY ("id"))
[2022-01-05T12:00:34.675Z][QUERY]: SELECT * FROM "migrations" "migrations" ORDER BY "id" DESC
[2022-01-05T12:00:34.675Z]0 migrations are already loaded in the database.
[2022-01-05T12:00:34.675Z]1 migrations were found in the source code.
[2022-01-05T12:00:34.675Z]1 migrations are new migrations that needs to be executed.
[2022-01-05T12:00:34.676Z][QUERY]: START TRANSACTION
[2022-01-05T12:00:34.676Z][QUERY]: CREATE TABLE "address" ("id" uuid NOT NULL DEFAULT uuid_generate_v4(), "isActive" boolean NOT NULL DEFAULT true, "isArchived" boolean NOT NULL DEFAULT false, "createDateTime" TIMESTAMP WITH TIME ZONE NOT NULL DEFAULT now(), "lastChangedDateTime" TIMESTAMP WITH TIME ZONE NOT NULL DEFAULT now(), "lastChangedBy" character varying(300), "internalComment" character varying(300), "version" integer NOT NULL, "street" character varying(100) NOT NULL, "addressline1" character varying(100) NOT NULL, "city" character varying(20) NOT NULL, "state" character varying(20) NOT NULL, "country" character varying(20) NOT NULL, "zip" character varying(20) NOT NULL, CONSTRAINT "PK_d92de1f82754668b5f5f5dd4fd5" PRIMARY KEY ("id"))
[2022-01-05T12:00:34.679Z][QUERY]: CREATE TABLE "userwallet" ("id" uuid NOT NULL DEFAULT uuid_generate_v4(), "isActive" boolean NOT NULL DEFAULT true, "isArchived" boolean NOT NULL DEFAULT false, "createDateTime" TIMESTAMP WITH TIME ZONE NOT NULL DEFAULT now(), "lastChangedDateTime" TIMESTAMP WITH TIME ZONE NOT NULL DEFAULT now(), "lastChangedBy" character varying(300), "internalComment" character varying(300), "version" integer NOT NULL, "walletUpperLimit" double precision, "walletLowerLimit" double precision, "walletCurrentAmount" double precision, CONSTRAINT "PK_48edcc6e7e3c9dc89c095b4babf" PRIMARY KEY ("id"))
[2022-01-05T12:00:34.681Z][QUERY]: CREATE TYPE "users_gender_enum" AS ENUM('male', 'female', 'others')
[2022-01-05T12:00:34.682Z][QUERY]: CREATE TABLE "users" ("id" uuid NOT NULL DEFAULT uuid_generate_v4(), "isActive" boolean NOT NULL DEFAULT true, "isArchived" boolean NOT NULL DEFAULT false, "createDateTime" TIMESTAMP WITH TIME ZONE NOT NULL DEFAULT now(), "lastChangedDateTime" TIMESTAMP WITH TIME ZONE NOT NULL DEFAULT now(), "lastChangedBy" character varying(300), "internalComment" character varying(300), "version" integer NOT NULL, "createdBy" character varying(300) NOT NULL, "firstName" character varying(20) NOT NULL, "lastName" character varying(20) NOT NULL, "gender" "users_gender_enum" NOT NULL, "email" character varying(30) NOT NULL, "phone" character varying NOT NULL, "password" character varying NOT NULL, "age" integer NOT NULL, "pin" integer, "refreshtoken" text, "refreshtokenexpires" TIMESTAMP WITH TIME ZONE, "commission" double precision, "addressId" uuid, "accountTypeId" uuid, "userWalletId" uuid, CONSTRAINT "UQ_97672ac88f789774dd47f7c8be3" UNIQUE ("email"), CONSTRAINT "REL_bafb08f60d7857f4670c172a6e" UNIQUE ("addressId"), CONSTRAINT "REL_d29c53ee6224c8cabb62f9d1cb" UNIQUE ("userWalletId"), CONSTRAINT "CHK_ad31d98b65dbe512313af3c8d6" CHECK ("age" > 18), CONSTRAINT "PK_a3ffb1c0c8416b9fc6f907b7433" PRIMARY KEY ("id"))
[2022-01-05T12:00:34.686Z][QUERY]: CREATE UNIQUE INDEX "IDX_97672ac88f789774dd47f7c8be" ON "users" ("email") 
[2022-01-05T12:00:34.687Z][QUERY]: CREATE TYPE "accounttype_accounttype_enum" AS ENUM('admin', 'developer', 'client', 'customer')
[2022-01-05T12:00:34.687Z][QUERY]: CREATE TABLE "accounttype" ("id" uuid NOT NULL DEFAULT uuid_generate_v4(), "isActive" boolean NOT NULL DEFAULT true, "isArchived" boolean NOT NULL DEFAULT false, "createDateTime" TIMESTAMP WITH TIME ZONE NOT NULL DEFAULT now(), "lastChangedDateTime" TIMESTAMP WITH TIME ZONE NOT NULL DEFAULT now(), "lastChangedBy" character varying(300), "internalComment" character varying(300), "version" integer NOT NULL, "accountType" "accounttype_accounttype_enum" NOT NULL DEFAULT 'customer', "description" character varying(300) NOT NULL, CONSTRAINT "UQ_6a39a154930cfec4d255ce3f6a1" UNIQUE ("accountType"), CONSTRAINT "PK_55634f609c700a64201b82ae897" PRIMARY KEY ("id"))
[2022-01-05T12:00:34.693Z][QUERY]: INSERT INTO "accounttype"("id", "isActive", "isArchived", "createDateTime", "lastChangedDateTime", "lastChangedBy", "internalComment", "version", "accountType", "description") VALUES ($1, $2, $3, $4, $5, $6, $7, $8, $9, $10), ($11, $12, $13, $14, $15, $16, $17, $18, $19, $20), ($21, $22, $23, $24, $25, $26, $27, $28, $29, $30), ($31, $32, $33, $34, $35, $36, $37, $38, $39, $40) RETURNING "id", "isActive", "isArchived", "createDateTime", "lastChangedDateTime", "version", "accountType" -- PARAMETERS: ["a53fa6ac-af52-458f-82bf-98d4a8f3e775",true,false,"2022-01-05T10:53:53.233Z","2022-01-05T10:53:53.233Z",null,null,1,"admin","admin user of the application","fcea276b-23f2-4467-b6fb-d7452545bc01",true,false,"2022-01-05T10:54:30.984Z","2022-01-05T10:54:30.984Z",null,null,1,"developer","developer user of the application","a368a8b1-19e2-4d33-8122-a6c9a91c52cc",true,false,"2022-01-05T10:54:45.851Z","2022-01-05T10:54:45.851Z",null,null,1,"client","client user of the application","519a1264-5fc7-4dc1-8430-33abf063ce71",true,false,"2022-01-05T10:55:00.763Z","2022-01-05T10:55:00.763Z",null,null,1,"customer","customer user of the application"]
[2022-01-05T12:00:34.696Z][QUERY]: ALTER TABLE "users" ADD CONSTRAINT "FK_bafb08f60d7857f4670c172a6ea" FOREIGN KEY ("addressId") REFERENCES "address"("id") ON DELETE NO ACTION ON UPDATE NO ACTION
[2022-01-05T12:00:34.698Z][QUERY]: ALTER TABLE "users" ADD CONSTRAINT "FK_5e1a29e5ed3f2c167f87f2993ac" FOREIGN KEY ("accountTypeId") REFERENCES "accounttype"("id") ON DELETE NO ACTION ON UPDATE NO ACTION
[2022-01-05T12:00:34.698Z][QUERY]: ALTER TABLE "users" ADD CONSTRAINT "FK_d29c53ee6224c8cabb62f9d1cb8" FOREIGN KEY ("userWalletId") REFERENCES "userwallet"("id") ON DELETE NO ACTION ON UPDATE NO ACTION
[2022-01-05T12:00:34.699Z][QUERY]: CREATE TABLE "query-result-cache" ("id" SERIAL NOT NULL, "identifier" character varying, "time" bigint NOT NULL, "duration" integer NOT NULL, "query" text NOT NULL, "result" text NOT NULL, CONSTRAINT "PK_6a98f758d8bfd010e7e10ffd3d3" PRIMARY KEY ("id"))
[2022-01-05T12:00:34.702Z][QUERY]: INSERT INTO "users"("id", "isActive", "isArchived", "createDateTime", "lastChangedDateTime", "lastChangedBy", "internalComment", "version", "createdBy", "firstName", "lastName", "gender", "email", "phone", "password", "age", "pin", "refreshtoken", "refreshtokenexpires", "commission", "addressId", "accountTypeId", "userWalletId") VALUES ($1, $2, $3, $4, $5, $6, $7, $8, $9, $10, $11, $12, $13, $14, $15, $16, $17, $18, $19, $20, $21, $22, $23) RETURNING "id", "isActive", "isArchived", "createDateTime", "lastChangedDateTime", "version" -- PARAMETERS: ["a926ed47-b35e-4fd1-ae98-5021d5e29857",true,false,"2022-01-05T11:53:29.934Z","2022-01-05T11:53:29.934Z",null,null,1,"a368a8b1-19e2-4d33-8122-a6c9a91c52cc","admin","zha","male","admin@email.com","111-111-1111","$2b$10$0atY8kDzxWsbC1C.T8EpIOrQyNjzWVcvAXbRmjyF7uvsH3i/Qv2Ia",22,null,null,null,5,"f7e3b65c-3ccb-4ae9-b8f5-a7f30326558a","a53fa6ac-af52-458f-82bf-98d4a8f3e775","5c3efa28-b018-4de3-a375-83e053630aab"]
[2022-01-05T12:00:34.703Z][FAILED QUERY]: INSERT INTO "users"("id", "isActive", "isArchived", "createDateTime", "lastChangedDateTime", "lastChangedBy", "internalComment", "version", "createdBy", "firstName", "lastName", "gender", "email", "phone", "password", "age", "pin", "refreshtoken", "refreshtokenexpires", "commission", "addressId", "accountTypeId", "userWalletId") VALUES ($1, $2, $3, $4, $5, $6, $7, $8, $9, $10, $11, $12, $13, $14, $15, $16, $17, $18, $19, $20, $21, $22, $23) RETURNING "id", "isActive", "isArchived", "createDateTime", "lastChangedDateTime", "version" -- PARAMETERS: ["a926ed47-b35e-4fd1-ae98-5021d5e29857",true,false,"2022-01-05T11:53:29.934Z","2022-01-05T11:53:29.934Z",null,null,1,"a368a8b1-19e2-4d33-8122-a6c9a91c52cc","admin","zha","male","admin@email.com","111-111-1111","$2b$10$0atY8kDzxWsbC1C.T8EpIOrQyNjzWVcvAXbRmjyF7uvsH3i/Qv2Ia",22,null,null,null,5,"f7e3b65c-3ccb-4ae9-b8f5-a7f30326558a","a53fa6ac-af52-458f-82bf-98d4a8f3e775","5c3efa28-b018-4de3-a375-83e053630aab"]
[2022-01-05T12:00:34.703Z][QUERY ERROR]: error: insert or update on table "users" violates foreign key constraint "FK_bafb08f60d7857f4670c172a6ea"
[2022-01-05T12:00:34.703Z][QUERY]: ROLLBACK
[2022-01-05T12:02:59.513Z][QUERY]: CREATE EXTENSION IF NOT EXISTS "uuid-ossp"
[2022-01-05T12:02:59.516Z][QUERY]: SELECT * FROM current_schema()
[2022-01-05T12:02:59.517Z][QUERY]: SELECT * FROM "information_schema"."tables" WHERE "table_schema" = 'public' AND "table_name" = 'migrations'
[2022-01-05T12:02:59.521Z][QUERY]: SELECT * FROM "migrations" "migrations" ORDER BY "id" DESC
[2022-01-05T12:02:59.522Z]0 migrations are already loaded in the database.
[2022-01-05T12:02:59.522Z]1 migrations were found in the source code.
[2022-01-05T12:02:59.522Z]1 migrations are new migrations that needs to be executed.
[2022-01-05T12:02:59.523Z][QUERY]: START TRANSACTION
[2022-01-05T12:02:59.523Z][QUERY]: CREATE TABLE "address" ("id" uuid NOT NULL DEFAULT uuid_generate_v4(), "isActive" boolean NOT NULL DEFAULT true, "isArchived" boolean NOT NULL DEFAULT false, "createDateTime" TIMESTAMP WITH TIME ZONE NOT NULL DEFAULT now(), "lastChangedDateTime" TIMESTAMP WITH TIME ZONE NOT NULL DEFAULT now(), "lastChangedBy" character varying(300), "internalComment" character varying(300), "version" integer NOT NULL, "street" character varying(100) NOT NULL, "addressline1" character varying(100) NOT NULL, "city" character varying(20) NOT NULL, "state" character varying(20) NOT NULL, "country" character varying(20) NOT NULL, "zip" character varying(20) NOT NULL, CONSTRAINT "PK_d92de1f82754668b5f5f5dd4fd5" PRIMARY KEY ("id"))
[2022-01-05T12:02:59.527Z][QUERY]: CREATE TABLE "userwallet" ("id" uuid NOT NULL DEFAULT uuid_generate_v4(), "isActive" boolean NOT NULL DEFAULT true, "isArchived" boolean NOT NULL DEFAULT false, "createDateTime" TIMESTAMP WITH TIME ZONE NOT NULL DEFAULT now(), "lastChangedDateTime" TIMESTAMP WITH TIME ZONE NOT NULL DEFAULT now(), "lastChangedBy" character varying(300), "internalComment" character varying(300), "version" integer NOT NULL, "walletUpperLimit" double precision, "walletLowerLimit" double precision, "walletCurrentAmount" double precision, CONSTRAINT "PK_48edcc6e7e3c9dc89c095b4babf" PRIMARY KEY ("id"))
[2022-01-05T12:02:59.530Z][QUERY]: CREATE TYPE "users_gender_enum" AS ENUM('male', 'female', 'others')
[2022-01-05T12:02:59.531Z][QUERY]: CREATE TABLE "users" ("id" uuid NOT NULL DEFAULT uuid_generate_v4(), "isActive" boolean NOT NULL DEFAULT true, "isArchived" boolean NOT NULL DEFAULT false, "createDateTime" TIMESTAMP WITH TIME ZONE NOT NULL DEFAULT now(), "lastChangedDateTime" TIMESTAMP WITH TIME ZONE NOT NULL DEFAULT now(), "lastChangedBy" character varying(300), "internalComment" character varying(300), "version" integer NOT NULL, "createdBy" character varying(300) NOT NULL, "firstName" character varying(20) NOT NULL, "lastName" character varying(20) NOT NULL, "gender" "users_gender_enum" NOT NULL, "email" character varying(30) NOT NULL, "phone" character varying NOT NULL, "password" character varying NOT NULL, "age" integer NOT NULL, "pin" integer, "refreshtoken" text, "refreshtokenexpires" TIMESTAMP WITH TIME ZONE, "commission" double precision, "addressId" uuid, "accountTypeId" uuid, "userWalletId" uuid, CONSTRAINT "UQ_97672ac88f789774dd47f7c8be3" UNIQUE ("email"), CONSTRAINT "REL_bafb08f60d7857f4670c172a6e" UNIQUE ("addressId"), CONSTRAINT "REL_d29c53ee6224c8cabb62f9d1cb" UNIQUE ("userWalletId"), CONSTRAINT "CHK_ad31d98b65dbe512313af3c8d6" CHECK ("age" > 18), CONSTRAINT "PK_a3ffb1c0c8416b9fc6f907b7433" PRIMARY KEY ("id"))
[2022-01-05T12:02:59.537Z][QUERY]: CREATE UNIQUE INDEX "IDX_97672ac88f789774dd47f7c8be" ON "users" ("email") 
[2022-01-05T12:02:59.538Z][QUERY]: CREATE TYPE "accounttype_accounttype_enum" AS ENUM('admin', 'developer', 'client', 'customer')
[2022-01-05T12:02:59.539Z][QUERY]: CREATE TABLE "accounttype" ("id" uuid NOT NULL DEFAULT uuid_generate_v4(), "isActive" boolean NOT NULL DEFAULT true, "isArchived" boolean NOT NULL DEFAULT false, "createDateTime" TIMESTAMP WITH TIME ZONE NOT NULL DEFAULT now(), "lastChangedDateTime" TIMESTAMP WITH TIME ZONE NOT NULL DEFAULT now(), "lastChangedBy" character varying(300), "internalComment" character varying(300), "version" integer NOT NULL, "accountType" "accounttype_accounttype_enum" NOT NULL DEFAULT 'customer', "description" character varying(300) NOT NULL, CONSTRAINT "UQ_6a39a154930cfec4d255ce3f6a1" UNIQUE ("accountType"), CONSTRAINT "PK_55634f609c700a64201b82ae897" PRIMARY KEY ("id"))
[2022-01-05T12:02:59.544Z][QUERY]: INSERT INTO "accounttype"("id", "isActive", "isArchived", "createDateTime", "lastChangedDateTime", "lastChangedBy", "internalComment", "version", "accountType", "description") VALUES ($1, $2, $3, $4, $5, $6, $7, $8, $9, $10), ($11, $12, $13, $14, $15, $16, $17, $18, $19, $20), ($21, $22, $23, $24, $25, $26, $27, $28, $29, $30), ($31, $32, $33, $34, $35, $36, $37, $38, $39, $40) RETURNING "id", "isActive", "isArchived", "createDateTime", "lastChangedDateTime", "version", "accountType" -- PARAMETERS: ["a53fa6ac-af52-458f-82bf-98d4a8f3e775",true,false,"2022-01-05T10:53:53.233Z","2022-01-05T10:53:53.233Z",null,null,1,"admin","admin user of the application","fcea276b-23f2-4467-b6fb-d7452545bc01",true,false,"2022-01-05T10:54:30.984Z","2022-01-05T10:54:30.984Z",null,null,1,"developer","developer user of the application","a368a8b1-19e2-4d33-8122-a6c9a91c52cc",true,false,"2022-01-05T10:54:45.851Z","2022-01-05T10:54:45.851Z",null,null,1,"client","client user of the application","519a1264-5fc7-4dc1-8430-33abf063ce71",true,false,"2022-01-05T10:55:00.763Z","2022-01-05T10:55:00.763Z",null,null,1,"customer","customer user of the application"]
[2022-01-05T12:02:59.547Z][QUERY]: ALTER TABLE "users" ADD CONSTRAINT "FK_bafb08f60d7857f4670c172a6ea" FOREIGN KEY ("addressId") REFERENCES "address"("id") ON DELETE NO ACTION ON UPDATE NO ACTION
[2022-01-05T12:02:59.549Z][QUERY]: ALTER TABLE "users" ADD CONSTRAINT "FK_5e1a29e5ed3f2c167f87f2993ac" FOREIGN KEY ("accountTypeId") REFERENCES "accounttype"("id") ON DELETE NO ACTION ON UPDATE NO ACTION
[2022-01-05T12:02:59.550Z][QUERY]: ALTER TABLE "users" ADD CONSTRAINT "FK_d29c53ee6224c8cabb62f9d1cb8" FOREIGN KEY ("userWalletId") REFERENCES "userwallet"("id") ON DELETE NO ACTION ON UPDATE NO ACTION
[2022-01-05T12:02:59.551Z][QUERY]: CREATE TABLE "query-result-cache" ("id" SERIAL NOT NULL, "identifier" character varying, "time" bigint NOT NULL, "duration" integer NOT NULL, "query" text NOT NULL, "result" text NOT NULL, CONSTRAINT "PK_6a98f758d8bfd010e7e10ffd3d3" PRIMARY KEY ("id"))
[2022-01-05T12:02:59.555Z][QUERY]: INSERT INTO "users"("id", "isActive", "isArchived", "createDateTime", "lastChangedDateTime", "lastChangedBy", "internalComment", "version", "createdBy", "firstName", "lastName", "gender", "email", "phone", "password", "age", "pin", "refreshtoken", "refreshtokenexpires", "commission", "addressId", "accountTypeId", "userWalletId") VALUES ($1, $2, $3, $4, $5, $6, $7, $8, $9, $10, $11, $12, $13, $14, $15, $16, $17, $18, $19, $20, $21, $22, $23) RETURNING "id", "isActive", "isArchived", "createDateTime", "lastChangedDateTime", "version" -- PARAMETERS: ["a926ed47-b35e-4fd1-ae98-5021d5e29857",true,false,"2022-01-05T11:53:29.934Z","2022-01-05T11:53:29.934Z",null,null,1,"a368a8b1-19e2-4d33-8122-a6c9a91c52cc","admin","zha","male","admin@email.com","111-111-1111","$2b$10$0atY8kDzxWsbC1C.T8EpIOrQyNjzWVcvAXbRmjyF7uvsH3i/Qv2Ia",22,null,null,null,5,"f7e3b65c-3ccb-4ae9-b8f5-a7f30326558a","a53fa6ac-af52-458f-82bf-98d4a8f3e775","5c3efa28-b018-4de3-a375-83e053630aab"]
[2022-01-05T12:02:59.556Z][FAILED QUERY]: INSERT INTO "users"("id", "isActive", "isArchived", "createDateTime", "lastChangedDateTime", "lastChangedBy", "internalComment", "version", "createdBy", "firstName", "lastName", "gender", "email", "phone", "password", "age", "pin", "refreshtoken", "refreshtokenexpires", "commission", "addressId", "accountTypeId", "userWalletId") VALUES ($1, $2, $3, $4, $5, $6, $7, $8, $9, $10, $11, $12, $13, $14, $15, $16, $17, $18, $19, $20, $21, $22, $23) RETURNING "id", "isActive", "isArchived", "createDateTime", "lastChangedDateTime", "version" -- PARAMETERS: ["a926ed47-b35e-4fd1-ae98-5021d5e29857",true,false,"2022-01-05T11:53:29.934Z","2022-01-05T11:53:29.934Z",null,null,1,"a368a8b1-19e2-4d33-8122-a6c9a91c52cc","admin","zha","male","admin@email.com","111-111-1111","$2b$10$0atY8kDzxWsbC1C.T8EpIOrQyNjzWVcvAXbRmjyF7uvsH3i/Qv2Ia",22,null,null,null,5,"f7e3b65c-3ccb-4ae9-b8f5-a7f30326558a","a53fa6ac-af52-458f-82bf-98d4a8f3e775","5c3efa28-b018-4de3-a375-83e053630aab"]
[2022-01-05T12:02:59.556Z][QUERY ERROR]: error: insert or update on table "users" violates foreign key constraint "FK_bafb08f60d7857f4670c172a6ea"
[2022-01-05T12:02:59.557Z][QUERY]: ROLLBACK
[2022-01-05T12:03:12.221Z][QUERY]: CREATE EXTENSION IF NOT EXISTS "uuid-ossp"
[2022-01-05T12:03:12.224Z][QUERY]: SELECT * FROM current_schema()
[2022-01-05T12:03:12.226Z][QUERY]: SELECT * FROM "information_schema"."tables" WHERE "table_schema" = 'public' AND "table_name" = 'migrations'
[2022-01-05T12:03:12.230Z][QUERY]: SELECT * FROM "migrations" "migrations" ORDER BY "id" DESC
[2022-01-05T12:03:12.232Z]0 migrations are already loaded in the database.
[2022-01-05T12:03:12.232Z]1 migrations were found in the source code.
[2022-01-05T12:03:12.232Z]1 migrations are new migrations that needs to be executed.
[2022-01-05T12:03:12.232Z][QUERY]: START TRANSACTION
[2022-01-05T12:03:12.233Z][QUERY]: CREATE TABLE "address" ("id" uuid NOT NULL DEFAULT uuid_generate_v4(), "isActive" boolean NOT NULL DEFAULT true, "isArchived" boolean NOT NULL DEFAULT false, "createDateTime" TIMESTAMP WITH TIME ZONE NOT NULL DEFAULT now(), "lastChangedDateTime" TIMESTAMP WITH TIME ZONE NOT NULL DEFAULT now(), "lastChangedBy" character varying(300), "internalComment" character varying(300), "version" integer NOT NULL, "street" character varying(100) NOT NULL, "addressline1" character varying(100) NOT NULL, "city" character varying(20) NOT NULL, "state" character varying(20) NOT NULL, "country" character varying(20) NOT NULL, "zip" character varying(20) NOT NULL, CONSTRAINT "PK_d92de1f82754668b5f5f5dd4fd5" PRIMARY KEY ("id"))
[2022-01-05T12:03:12.236Z][QUERY]: CREATE TABLE "userwallet" ("id" uuid NOT NULL DEFAULT uuid_generate_v4(), "isActive" boolean NOT NULL DEFAULT true, "isArchived" boolean NOT NULL DEFAULT false, "createDateTime" TIMESTAMP WITH TIME ZONE NOT NULL DEFAULT now(), "lastChangedDateTime" TIMESTAMP WITH TIME ZONE NOT NULL DEFAULT now(), "lastChangedBy" character varying(300), "internalComment" character varying(300), "version" integer NOT NULL, "walletUpperLimit" double precision, "walletLowerLimit" double precision, "walletCurrentAmount" double precision, CONSTRAINT "PK_48edcc6e7e3c9dc89c095b4babf" PRIMARY KEY ("id"))
[2022-01-05T12:03:12.239Z][QUERY]: CREATE TYPE "users_gender_enum" AS ENUM('male', 'female', 'others')
[2022-01-05T12:03:12.240Z][QUERY]: CREATE TABLE "users" ("id" uuid NOT NULL DEFAULT uuid_generate_v4(), "isActive" boolean NOT NULL DEFAULT true, "isArchived" boolean NOT NULL DEFAULT false, "createDateTime" TIMESTAMP WITH TIME ZONE NOT NULL DEFAULT now(), "lastChangedDateTime" TIMESTAMP WITH TIME ZONE NOT NULL DEFAULT now(), "lastChangedBy" character varying(300), "internalComment" character varying(300), "version" integer NOT NULL, "createdBy" character varying(300) NOT NULL, "firstName" character varying(20) NOT NULL, "lastName" character varying(20) NOT NULL, "gender" "users_gender_enum" NOT NULL, "email" character varying(30) NOT NULL, "phone" character varying NOT NULL, "password" character varying NOT NULL, "age" integer NOT NULL, "pin" integer, "refreshtoken" text, "refreshtokenexpires" TIMESTAMP WITH TIME ZONE, "commission" double precision, "addressId" uuid, "accountTypeId" uuid, "userWalletId" uuid, CONSTRAINT "UQ_97672ac88f789774dd47f7c8be3" UNIQUE ("email"), CONSTRAINT "REL_bafb08f60d7857f4670c172a6e" UNIQUE ("addressId"), CONSTRAINT "REL_d29c53ee6224c8cabb62f9d1cb" UNIQUE ("userWalletId"), CONSTRAINT "CHK_ad31d98b65dbe512313af3c8d6" CHECK ("age" > 18), CONSTRAINT "PK_a3ffb1c0c8416b9fc6f907b7433" PRIMARY KEY ("id"))
[2022-01-05T12:03:12.246Z][QUERY]: CREATE UNIQUE INDEX "IDX_97672ac88f789774dd47f7c8be" ON "users" ("email") 
[2022-01-05T12:03:12.247Z][QUERY]: CREATE TYPE "accounttype_accounttype_enum" AS ENUM('admin', 'developer', 'client', 'customer')
[2022-01-05T12:03:12.248Z][QUERY]: CREATE TABLE "accounttype" ("id" uuid NOT NULL DEFAULT uuid_generate_v4(), "isActive" boolean NOT NULL DEFAULT true, "isArchived" boolean NOT NULL DEFAULT false, "createDateTime" TIMESTAMP WITH TIME ZONE NOT NULL DEFAULT now(), "lastChangedDateTime" TIMESTAMP WITH TIME ZONE NOT NULL DEFAULT now(), "lastChangedBy" character varying(300), "internalComment" character varying(300), "version" integer NOT NULL, "accountType" "accounttype_accounttype_enum" NOT NULL DEFAULT 'customer', "description" character varying(300) NOT NULL, CONSTRAINT "UQ_6a39a154930cfec4d255ce3f6a1" UNIQUE ("accountType"), CONSTRAINT "PK_55634f609c700a64201b82ae897" PRIMARY KEY ("id"))
[2022-01-05T12:03:12.254Z][QUERY]: INSERT INTO "accounttype"("id", "isActive", "isArchived", "createDateTime", "lastChangedDateTime", "lastChangedBy", "internalComment", "version", "accountType", "description") VALUES ($1, $2, $3, $4, $5, $6, $7, $8, $9, $10), ($11, $12, $13, $14, $15, $16, $17, $18, $19, $20), ($21, $22, $23, $24, $25, $26, $27, $28, $29, $30), ($31, $32, $33, $34, $35, $36, $37, $38, $39, $40) RETURNING "id", "isActive", "isArchived", "createDateTime", "lastChangedDateTime", "version", "accountType" -- PARAMETERS: ["a53fa6ac-af52-458f-82bf-98d4a8f3e775",true,false,"2022-01-05T10:53:53.233Z","2022-01-05T10:53:53.233Z",null,null,1,"admin","admin user of the application","fcea276b-23f2-4467-b6fb-d7452545bc01",true,false,"2022-01-05T10:54:30.984Z","2022-01-05T10:54:30.984Z",null,null,1,"developer","developer user of the application","a368a8b1-19e2-4d33-8122-a6c9a91c52cc",true,false,"2022-01-05T10:54:45.851Z","2022-01-05T10:54:45.851Z",null,null,1,"client","client user of the application","519a1264-5fc7-4dc1-8430-33abf063ce71",true,false,"2022-01-05T10:55:00.763Z","2022-01-05T10:55:00.763Z",null,null,1,"customer","customer user of the application"]
[2022-01-05T12:03:12.258Z][QUERY]: ALTER TABLE "users" ADD CONSTRAINT "FK_bafb08f60d7857f4670c172a6ea" FOREIGN KEY ("addressId") REFERENCES "address"("id") ON DELETE NO ACTION ON UPDATE NO ACTION
[2022-01-05T12:03:12.260Z][QUERY]: ALTER TABLE "users" ADD CONSTRAINT "FK_5e1a29e5ed3f2c167f87f2993ac" FOREIGN KEY ("accountTypeId") REFERENCES "accounttype"("id") ON DELETE NO ACTION ON UPDATE NO ACTION
[2022-01-05T12:03:12.261Z][QUERY]: ALTER TABLE "users" ADD CONSTRAINT "FK_d29c53ee6224c8cabb62f9d1cb8" FOREIGN KEY ("userWalletId") REFERENCES "userwallet"("id") ON DELETE NO ACTION ON UPDATE NO ACTION
[2022-01-05T12:03:12.261Z][QUERY]: CREATE TABLE "query-result-cache" ("id" SERIAL NOT NULL, "identifier" character varying, "time" bigint NOT NULL, "duration" integer NOT NULL, "query" text NOT NULL, "result" text NOT NULL, CONSTRAINT "PK_6a98f758d8bfd010e7e10ffd3d3" PRIMARY KEY ("id"))
[2022-01-05T12:03:12.265Z][QUERY]: INSERT INTO "users"("id", "isActive", "isArchived", "createDateTime", "lastChangedDateTime", "lastChangedBy", "internalComment", "version", "createdBy", "firstName", "lastName", "gender", "email", "phone", "password", "age", "pin", "refreshtoken", "refreshtokenexpires", "commission", "addressId", "accountTypeId", "userWalletId") VALUES ($1, $2, $3, $4, $5, $6, $7, $8, $9, $10, $11, $12, $13, $14, $15, $16, $17, $18, $19, $20, $21, $22, $23) RETURNING "id", "isActive", "isArchived", "createDateTime", "lastChangedDateTime", "version" -- PARAMETERS: ["a926ed47-b35e-4fd1-ae98-5021d5e29857",true,false,"2022-01-05T11:53:29.934Z","2022-01-05T11:53:29.934Z",null,null,1,"a368a8b1-19e2-4d33-8122-a6c9a91c52cc","admin","zha","male","admin@email.com","111-111-1111","$2b$10$0atY8kDzxWsbC1C.T8EpIOrQyNjzWVcvAXbRmjyF7uvsH3i/Qv2Ia",22,null,null,null,5,null,"a53fa6ac-af52-458f-82bf-98d4a8f3e775",null]
[2022-01-05T12:03:12.266Z][QUERY]: INSERT INTO "migrations"("timestamp", "name") VALUES ($1, $2) -- PARAMETERS: [1641383800041,"myinit1641383800041"]
[2022-01-05T12:03:12.267Z]Migration myinit1641383800041 has been executed successfully.
[2022-01-05T12:03:12.267Z][QUERY]: COMMIT
